<?xml version="1.0" encoding="UTF-8"?>
<testsuite xmlns:xsi="http://www.w3.org/2001/XMLSchema-instance" xsi:noNamespaceSchemaLocation="https://maven.apache.org/surefire/maven-surefire-plugin/xsd/surefire-test-report-3.0.xsd" version="3.0" name="Test.TicketPoolTest" time="0.076" tests="1" errors="0" skipped="0" failures="0">
  <properties>
[...]
</properties>
  <testcase name="testAddTicketsWhenSpaceAvailable" classname="Test.TicketPoolTest" time="0.051">
    <system-out><![CDATA[Tickets remaining to be released: 20
Vendor [Vendor A] released 5 Concert ticket(s).
Current pool size: 5/10.
]]></system-out>
  </testcase>
</testsuite>